2/17/2016 9:56:27 PM	This log contains information about the import schema operation into project 'Rush-App.Data' on computer 'BRANDON-DESKTOP' by user 'Brandon'.
2/17/2016 9:56:27 PM	Import of database schema has started.
2/17/2016 9:56:33 PM	Gathering logins
2/17/2016 9:58:50 PM	Gathering database options
2/17/2016 9:58:50 PM	Gathering users
2/17/2016 9:58:50 PM	Gathering roles
2/17/2016 9:58:50 PM	Gathering application roles
2/17/2016 9:58:50 PM	Gathering role memberships
2/17/2016 9:58:50 PM	Gathering filegroups
2/17/2016 9:58:50 PM	Gathering full-text catalogs
2/17/2016 9:58:50 PM	Gathering assemblies
2/17/2016 9:58:50 PM	Gathering certificates
2/17/2016 9:58:50 PM	Gathering schemas
2/17/2016 9:58:50 PM	Gathering XML schema collections
2/17/2016 9:58:50 PM	Gathering user-defined data types
2/17/2016 9:58:50 PM	Gathering user-defined types
2/17/2016 9:58:58 PM	Gathering table types
2/17/2016 9:58:58 PM	Gathering unique keys for table types
2/17/2016 9:58:58 PM	Gathering primary keys for table types
2/17/2016 9:58:58 PM	Gathering indexes for table types
2/17/2016 9:58:58 PM	Gathering check constraints for table types
2/17/2016 9:58:58 PM	Gathering default constraints for table types
2/17/2016 9:58:58 PM	Gathering partition functions
2/17/2016 9:58:58 PM	Gathering partition schemes
2/17/2016 9:58:58 PM	Gathering functions
2/17/2016 9:58:58 PM	Gathering encrypted functions
2/17/2016 9:59:00 PM	Gathering aggregates
2/17/2016 9:59:00 PM	Gathering procedures
2/17/2016 9:59:00 PM	Gathering encrypted procedures
2/17/2016 9:59:00 PM	Gathering tables
2/17/2016 9:59:01 PM	Gathering primary keys
2/17/2016 9:59:01 PM	Gathering unique constraints
2/17/2016 9:59:01 PM	Gathering foreign keys
2/17/2016 9:59:01 PM	Gathering default constraints
2/17/2016 9:59:01 PM	Gathering check constraints
2/17/2016 9:59:01 PM	Gathering views
2/17/2016 9:59:01 PM	Gathering encrypted views
2/17/2016 9:59:01 PM	Gathering indexes
2/17/2016 9:59:01 PM	Gathering statistics
2/17/2016 9:59:01 PM	Gathering full-text index stoplists
2/17/2016 9:59:01 PM	Gathering search property lists
2/17/2016 9:59:01 PM	Gathering search properties
2/17/2016 9:59:01 PM	Gathering full-text indexes
2/17/2016 9:59:01 PM	Gathering column store indexes
2/17/2016 9:59:01 PM	Gathering spatial indexes
2/17/2016 9:59:01 PM	Gathering XML indexes
2/17/2016 9:59:01 PM	Gathering Selective XML indexes
2/17/2016 9:59:02 PM	Gathering encrypted triggers
2/17/2016 9:59:02 PM	Gathering triggers
2/17/2016 9:59:02 PM	Gathering encrypted and clr ddl triggers
2/17/2016 9:59:02 PM	Gathering ddl triggers
2/17/2016 9:59:02 PM	Gathering synonyms
2/17/2016 9:59:02 PM	Gathering defaults
2/17/2016 9:59:02 PM	Gathering data constraint uddt bindings
2/17/2016 9:59:02 PM	Gathering rules
2/17/2016 9:59:02 PM	Gathering data constraint uddt bindings
2/17/2016 9:59:02 PM	Gathering message types
2/17/2016 9:59:02 PM	Gathering queues
2/17/2016 9:59:02 PM	Gathering contracts
2/17/2016 9:59:02 PM	Gathering services
2/17/2016 9:59:02 PM	Gathering event notifications
2/17/2016 9:59:02 PM	Gathering remote service bindings
2/17/2016 9:59:02 PM	Gathering broker priorities
2/17/2016 9:59:02 PM	Gathering signatures
2/17/2016 9:59:02 PM	Gathering data compression options
2/17/2016 9:59:02 PM	Gathering sequence types
2/17/2016 9:59:02 PM	Gathering extended properties
2/17/2016 9:59:03 PM	Gathering logins
2/17/2016 9:59:05 PM	Scanning project for duplicate elements
2/17/2016 9:59:05 PM	Finished duplicate element processing
2/17/2016 9:59:05 PM	Finished importing database.
2/17/2016 9:59:05 PM	A summary of the import was saved to the following location: C:\Users\Brandon\Documents\GitHub\Rush-App\Rush-App.Data\Import Schema Logs\Rush-App.Data_20160218055627.log
2/17/2016 9:59:05 PM	Click Finish to continue...
